2026-05-30 12:57:03,356 - grade_stream - INFO - 开始批改: question_id=编写一个函数，在不使用内置函数的情况下，找出列表中的最大值。, code_length=511, language=python
2026-05-30 12:57:03,357 - grade_stream - INFO - 未命中缓存，开始诊断
2026-05-30 12:57:03,361 - grade_stream - INFO - 诊断结果: 代码语法正确，未发现明显问题
2026-05-30 12:57:03,362 - grade_stream - INFO - 使用模型: 云端模型
2026-05-30 12:57:09,381 - grade_stream - INFO - 云端模型返回长度: 293
2026-05-30 12:57:09,382 - grade_stream - INFO - 清理后的内容长度: 293
2026-05-30 12:57:09,382 - grade_stream - INFO - 评分JSON解析成功: overall_score=0, deductions_count=1
2026-05-30 12:57:09,383 - grade_stream - INFO - 成绩验证: total_deducted=100, calculated_score=0
2026-05-30 12:57:09,383 - grade_stream - INFO - 最终成绩: overall_score=0
2026-05-30 12:57:09,383 - grade_stream - INFO - 开始流式输出评语...
2026-05-30 12:57:09,385 - grade_stream - INFO - 评语输出完成，长度: 12
2026-05-30 12:57:09,385 - grade_stream - INFO - 批改完成，结果已发送
2026-05-30 12:57:59,546 - grade_stream - INFO - 开始批改: question_id=编写一个函数，在不使用内置函数的情况下，找出列表中的最大值。, code_length=443, language=python
2026-05-30 12:57:59,547 - grade_stream - INFO - 未命中缓存，开始诊断
2026-05-30 12:57:59,547 - grade_stream - INFO - 诊断结果: 代码语法正确，未发现明显问题
2026-05-30 12:57:59,549 - grade_stream - INFO - 使用模型: 云端模型
2026-05-30 12:58:06,400 - grade_stream - INFO - 云端模型返回长度: 83
2026-05-30 12:58:06,401 - grade_stream - INFO - 清理后的内容长度: 83
2026-05-30 12:58:06,401 - grade_stream - INFO - 评分JSON解析成功: overall_score=100, deductions_count=0
2026-05-30 12:58:06,402 - grade_stream - INFO - 成绩验证: total_deducted=0, calculated_score=100
2026-05-30 12:58:06,404 - grade_stream - INFO - 最终成绩: overall_score=100
2026-05-30 12:58:06,404 - grade_stream - INFO - 开始流式输出评语...
2026-05-30 12:58:06,424 - grade_stream - INFO - 评语输出完成，长度: 14
2026-05-30 12:58:06,425 - grade_stream - INFO - 批改完成，结果已发送
2026-05-30 13:02:01,104 - grade_stream - INFO - 开始批改: question_id=编写一个函数，在不使用内置函数的情况下，找出列表中的最大值。, code_length=443, language=python
2026-05-30 13:02:01,104 - grade_stream - INFO - 未命中缓存，开始诊断
2026-05-30 13:02:01,106 - grade_stream - INFO - 诊断结果: 代码语法正确，未发现明显问题
2026-05-30 13:02:01,109 - grade_stream - INFO - 使用模型: 云端模型
2026-05-30 13:02:11,245 - grade_stream - INFO - 云端模型返回长度: 263
2026-05-30 13:02:11,246 - grade_stream - INFO - 清理后的内容长度: 251
2026-05-30 13:02:11,246 - grade_stream - INFO - 评分JSON解析成功: overall_score=100, deductions_count=0
2026-05-30 13:02:11,247 - grade_stream - INFO - 成绩验证: total_deducted=0, calculated_score=100
2026-05-30 13:02:11,248 - grade_stream - INFO - 最终成绩: overall_score=100
2026-05-30 13:02:11,248 - grade_stream - INFO - 开始流式输出评语...
2026-05-30 13:02:11,261 - grade_stream - INFO - 评语输出完成，长度: 179
2026-05-30 13:02:11,262 - grade_stream - INFO - 批改完成，结果已发送
2026-05-30 13:03:22,196 - grade_stream - INFO - 开始批改: question_id=编写一个函数，在不使用内置函数的情况下，找出列表中的最大值。, code_length=160, language=python
2026-05-30 13:03:22,196 - grade_stream - INFO - 未命中缓存，开始诊断
2026-05-30 13:03:22,197 - grade_stream - INFO - 诊断结果: 识别到薄弱知识点: 变量初始化
2026-05-30 13:03:22,199 - grade_stream - INFO - 使用模型: 云端模型
2026-05-30 13:03:35,731 - grade_stream - INFO - 云端模型返回长度: 693
2026-05-30 13:03:35,732 - grade_stream - INFO - 清理后的内容长度: 681
2026-05-30 13:03:35,732 - grade_stream - INFO - 评分JSON解析成功: overall_score=85, deductions_count=2
2026-05-30 13:03:35,732 - grade_stream - INFO - 成绩验证: total_deducted=15, calculated_score=85
2026-05-30 13:03:35,733 - grade_stream - INFO - 最终成绩: overall_score=85
2026-05-30 13:03:35,733 - grade_stream - INFO - 开始流式输出评语...
2026-05-30 13:03:35,751 - grade_stream - INFO - 评语输出完成，长度: 123
2026-05-30 13:03:35,753 - grade_stream - INFO - 批改完成，结果已发送
2026-05-30 13:08:43,507 - grade_stream - INFO - 开始批改: question_id=编写一个函数，在不使用内置函数的情况下，找出列表中的最大值。, code_length=160, language=python
2026-05-30 13:08:43,507 - grade_stream - INFO - 未命中缓存，开始诊断
2026-05-30 13:08:43,512 - grade_stream - INFO - 诊断结果: 识别到薄弱知识点: 变量初始化
2026-05-30 13:09:00,383 - grade_stream - INFO - 使用模型: 云端模型
2026-05-30 13:09:18,917 - grade_stream - INFO - 云端模型返回长度: 512
2026-05-30 13:09:18,919 - grade_stream - INFO - 清理后的内容长度: 512
2026-05-30 13:09:18,919 - grade_stream - ERROR - ❌ JSON解析失败: Expecting value: line 1 column 1 (char 0)
Traceback (most recent call last):
  File "E:\CodeCompanion\backend\app\api\endpoints.py", line 713, in generate
    score_data = json_lib.loads(result_text)
                 ^^^^^^^^^^^^^^^^^^^^^^^^^^^
  File "C:\Users\14391\AppData\Local\Programs\Python\Python311\Lib\json\__init__.py", line 346, in loads
    return _default_decoder.decode(s)
           ^^^^^^^^^^^^^^^^^^^^^^^^^^
  File "C:\Users\14391\AppData\Local\Programs\Python\Python311\Lib\json\decoder.py", line 337, in decode
    obj, end = self.raw_decode(s, idx=_w(s, 0).end())
               ^^^^^^^^^^^^^^^^^^^^^^^^^^^^^^^^^^^^^^
  File "C:\Users\14391\AppData\Local\Programs\Python\Python311\Lib\json\decoder.py", line 355, in raw_decode
    raise JSONDecodeError("Expecting value", s, err.value) from None
json.decoder.JSONDecodeError: Expecting value: line 1 column 1 (char 0)
2026-05-30 13:09:18,923 - grade_stream - ERROR - ❌ 原始返回内容: 代码整体评价：你的代码基本实现了题目要求，能够找出列表中的最大值。这是一个很好的开始！

存在的问题：你初始化`max_num`为0，这可能会导致在处理非正数列表时返回错误的结果。如果列表中所有数字都是负数，你的函数将返回0，而不是真正的最大值。

改进建议：为了确保函数能够正确处理所有类型的数字，你应该将`max_num`初始化为列表的第一个元素。这样，无论列表中的数字是正数、负数还是零，都能找到正确的最大值。以下是改进后的代码示例：

```python
def find_max(numbers):
    if not numbers:  # 检查列表是否为空
        return None  # 如果为空，返回None或抛出异常
    max_num = numbers[0]
    for i in range(1, len(numbers)):
        if numbers[i] > max_num:
            max_num = numbers[i]
    return max_num
```

这样修改后，你的函数将更加健壮，能够处理各
2026-05-30 13:09:18,927 - grade_stream - INFO - 已发送错误结果（基础分10分）
2026-05-30 13:09:26,429 - grade_stream - INFO - 开始批改: question_id=编写一个函数，在不使用内置函数的情况下，找出列表中的最大值。, code_length=160, language=python
2026-05-30 13:09:26,430 - grade_stream - INFO - 未命中缓存，开始诊断
2026-05-30 13:09:26,431 - grade_stream - INFO - 诊断结果: 识别到薄弱知识点: 变量初始化
2026-05-30 13:09:46,083 - grade_stream - INFO - 使用模型: 云端模型
2026-05-30 13:10:00,743 - grade_stream - INFO - 云端模型返回长度: 530
2026-05-30 13:10:00,744 - grade_stream - INFO - 清理后的内容长度: 530
2026-05-30 13:10:00,744 - grade_stream - ERROR - ❌ JSON解析失败: Expecting value: line 1 column 1 (char 0)
Traceback (most recent call last):
  File "E:\CodeCompanion\backend\app\api\endpoints.py", line 713, in generate
    score_data = json_lib.loads(result_text)
                 ^^^^^^^^^^^^^^^^^^^^^^^^^^^
  File "C:\Users\14391\AppData\Local\Programs\Python\Python311\Lib\json\__init__.py", line 346, in loads
    return _default_decoder.decode(s)
           ^^^^^^^^^^^^^^^^^^^^^^^^^^
  File "C:\Users\14391\AppData\Local\Programs\Python\Python311\Lib\json\decoder.py", line 337, in decode
    obj, end = self.raw_decode(s, idx=_w(s, 0).end())
               ^^^^^^^^^^^^^^^^^^^^^^^^^^^^^^^^^^^^^^
  File "C:\Users\14391\AppData\Local\Programs\Python\Python311\Lib\json\decoder.py", line 355, in raw_decode
    raise JSONDecodeError("Expecting value", s, err.value) from None
json.decoder.JSONDecodeError: Expecting value: line 1 column 1 (char 0)
2026-05-30 13:10:00,745 - grade_stream - ERROR - ❌ 原始返回内容: 代码整体评价：你的代码基本实现了题目要求，能够找出列表中的最大值。这是一个很好的开始！

存在的问题：你初始化`max_num`为0，这可能会导致在处理非正数列表时返回错误的结果。如果列表中的所有数都是负数，你的函数将返回0，而不是真正的最大值。

改进建议：为了确保函数能够正确处理所有类型的整数列表，你应该将`max_num`初始化为列表的第一个元素。这样，无论列表中的其他元素是什么，都能正确地找到最大值。以下是改进后的代码示例：

```python
def find_max(numbers):
    if not numbers:  # 检查列表是否为空
        return None  # 如果为空，返回None或抛出异常
    max_num = numbers[0]
    for i in range(1, len(numbers)):
        if numbers[i] > max_num:
            max_num = numbers[i]
    return max_num
```

这样修改后，你的函数将能够正确处理所有整数列表
2026-05-30 13:10:00,747 - grade_stream - INFO - 已发送错误结果（基础分10分）
2026-05-30 13:11:17,772 - grade_stream - INFO - 开始批改: question_id=编写一个函数，在不使用内置函数的情况下，找出列表中的最大值。, code_length=161, language=python
2026-05-30 13:11:17,773 - grade_stream - INFO - ✅ 命中缓存: cache_key=grade:8ef03ab8b54e2883da4dc0f6e89e1a1c:eb331222648ed5862d1319bea5013ce1:9d5b2dfe29eec537af6bb8dde998b91f
2026-05-30 13:11:40,964 - grade_stream - INFO - 开始批改: question_id=编写一个函数，在不使用内置函数的情况下，找出列表中的最大值。, code_length=161, language=python
2026-05-30 13:11:40,964 - grade_stream - INFO - ✅ 命中缓存: cache_key=grade:8ef03ab8b54e2883da4dc0f6e89e1a1c:eb331222648ed5862d1319bea5013ce1:9d5b2dfe29eec537af6bb8dde998b91f
2026-05-30 13:11:44,457 - grade_stream - INFO - 开始批改: question_id=编写一个函数，在不使用内置函数的情况下，找出列表中的最大值。, code_length=161, language=python
2026-05-30 13:11:44,457 - grade_stream - INFO - ✅ 命中缓存: cache_key=grade:8ef03ab8b54e2883da4dc0f6e89e1a1c:eb331222648ed5862d1319bea5013ce1:9d5b2dfe29eec537af6bb8dde998b91f
2026-05-30 13:12:06,478 - grade_stream - INFO - 开始批改: question_id=编写一个函数，在不使用内置函数的情况下，找出列表中的最大值。, code_length=161, language=python
2026-05-30 13:12:06,479 - grade_stream - INFO - ✅ 命中缓存: cache_key=grade:8ef03ab8b54e2883da4dc0f6e89e1a1c:eb331222648ed5862d1319bea5013ce1:9d5b2dfe29eec537af6bb8dde998b91f
2026-05-30 13:23:54,766 - grade_stream - INFO - 开始批改: question_id=编写一个函数，在不使用内置函数的情况下，找出列表中的最大值。, code_length=161, language=python
2026-05-30 13:23:54,766 - grade_stream - INFO - ✅ 命中缓存: cache_key=grade:8ef03ab8b54e2883da4dc0f6e89e1a1c:eb331222648ed5862d1319bea5013ce1:9d5b2dfe29eec537af6bb8dde998b91f
2026-05-30 13:24:39,974 - grade_stream - INFO - 开始批改: question_id=编写一个函数，在不使用内置函数的情况下，找出列表中的最大值。, code_length=161, language=python
2026-05-30 13:24:39,976 - grade_stream - INFO - 未命中缓存，开始诊断
2026-05-30 13:24:39,980 - grade_stream - INFO - 诊断结果: 检测到 1 个语法错误; 识别到薄弱知识点: 变量初始化
2026-05-30 13:24:52,899 - grade_stream - INFO - 使用模型: 云端模型
2026-05-30 13:25:04,847 - grade_stream - INFO - 云端模型返回长度: 487
2026-05-30 13:25:04,847 - grade_stream - INFO - 清理后的内容长度: 487
2026-05-30 13:25:04,849 - grade_stream - ERROR - ❌ JSON解析失败: Expecting value: line 1 column 1 (char 0)
Traceback (most recent call last):
  File "E:\CodeCompanion\backend\app\api\endpoints.py", line 713, in generate
    score_data = json_lib.loads(result_text)
                 ^^^^^^^^^^^^^^^^^^^^^^^^^^^
  File "C:\Users\14391\AppData\Local\Programs\Python\Python311\Lib\json\__init__.py", line 346, in loads
    return _default_decoder.decode(s)
           ^^^^^^^^^^^^^^^^^^^^^^^^^^
  File "C:\Users\14391\AppData\Local\Programs\Python\Python311\Lib\json\decoder.py", line 337, in decode
    obj, end = self.raw_decode(s, idx=_w(s, 0).end())
               ^^^^^^^^^^^^^^^^^^^^^^^^^^^^^^^^^^^^^^
  File "C:\Users\14391\AppData\Local\Programs\Python\Python311\Lib\json\decoder.py", line 355, in raw_decode
    raise JSONDecodeError("Expecting value", s, err.value) from None
json.decoder.JSONDecodeError: Expecting value: line 1 column 1 (char 0)
2026-05-30 13:25:04,850 - grade_stream - ERROR - ❌ 原始返回内容: 代码整体评价：你的代码尝试实现了题目要求的功能，但存在一些细节问题。

存在问题：在函数`find_max`中，变量`max_num`被初始化为0，这会导致如果列表中的所有元素都是负数时，函数会返回0而不是真正的最大值。此外，循环的起始条件应该是从列表的第一个元素开始比较，而不是从第二个元素。

改进建议：你可以将`max_num`初始化为列表的第一个元素，这样无论列表中的元素是正数还是负数，都能正确找到最大值。以下是改进后的代码示例：

```python
def find_max(numbers):
    if not numbers:  # 检查列表是否为空
        return None
    max_num = numbers[0]
    for i in range(1, len(numbers)):
        if numbers[i] > max_num:
            max_num = numbers[i]
    return max_num
```

这样修改后，函数就能正确处理各种情况了。继续保持，加油！
2026-05-30 13:25:04,852 - grade_stream - INFO - 已发送错误结果（基础分10分）
2026-05-30 13:25:16,694 - grade_stream - INFO - 开始批改: question_id=编写一个函数，在不使用内置函数的情况下，找出列表中的最大值。, code_length=161, language=python
2026-05-30 13:25:16,694 - grade_stream - INFO - 未命中缓存，开始诊断
2026-05-30 13:25:16,695 - grade_stream - INFO - 诊断结果: 检测到 1 个语法错误; 识别到薄弱知识点: 变量初始化
2026-05-30 13:25:42,367 - grade_stream - INFO - 使用模型: 云端模型
2026-05-30 13:25:57,742 - grade_stream - INFO - 云端模型返回长度: 513
2026-05-30 13:25:57,742 - grade_stream - INFO - 清理后的内容长度: 513
2026-05-30 13:25:57,743 - grade_stream - ERROR - ❌ JSON解析失败: Expecting value: line 1 column 1 (char 0)
Traceback (most recent call last):
  File "E:\CodeCompanion\backend\app\api\endpoints.py", line 713, in generate
    score_data = json_lib.loads(result_text)
                 ^^^^^^^^^^^^^^^^^^^^^^^^^^^
  File "C:\Users\14391\AppData\Local\Programs\Python\Python311\Lib\json\__init__.py", line 346, in loads
    return _default_decoder.decode(s)
           ^^^^^^^^^^^^^^^^^^^^^^^^^^
  File "C:\Users\14391\AppData\Local\Programs\Python\Python311\Lib\json\decoder.py", line 337, in decode
    obj, end = self.raw_decode(s, idx=_w(s, 0).end())
               ^^^^^^^^^^^^^^^^^^^^^^^^^^^^^^^^^^^^^^
  File "C:\Users\14391\AppData\Local\Programs\Python\Python311\Lib\json\decoder.py", line 355, in raw_decode
    raise JSONDecodeError("Expecting value", s, err.value) from None
json.decoder.JSONDecodeError: Expecting value: line 1 column 1 (char 0)
2026-05-30 13:25:57,744 - grade_stream - ERROR - ❌ 原始返回内容: 代码整体评价：你的代码尝试实现了题目要求的功能，但存在一些细节问题。

存在问题：在函数`find_max`中，变量`max_num`被初始化为0，这会导致如果列表中所有元素都是负数时，函数会返回0而不是真正的最大值。此外，循环的起始范围应该是从0开始，而不是1。

改进建议：为了确保函数能够正确地找出列表中的最大值，你需要将`max_num`初始化为列表的第一个元素，并且将循环的起始范围修改为0。以下是改进后的代码示例：

```python
def find_max(numbers):
    if not numbers:  # 检查列表是否为空
        return None
    max_num = numbers[0]
    for i in range(len(numbers)):
        if numbers[i] > max_num:
            max_num = numbers[i]
    return max_num
```

这样修改后，函数就能正确处理各种情况，包括空列表和所有元素为负数的情况。希望这些建议能帮助你更好地理解
2026-05-30 13:25:57,745 - grade_stream - INFO - 已发送错误结果（基础分10分）
2026-05-30 13:26:37,751 - grade_stream - INFO - 开始批改: question_id=编写一个函数，在不使用内置函数的情况下，找出列表中的最大值。, code_length=161, language=python
2026-05-30 13:26:37,754 - grade_stream - INFO - 未命中缓存，开始诊断
2026-05-30 13:26:37,758 - grade_stream - INFO - 诊断结果: 检测到 1 个语法错误; 识别到薄弱知识点: 变量初始化
2026-05-30 13:27:01,636 - grade_stream - INFO - 使用模型: 云端模型
2026-05-30 13:27:15,268 - grade_stream - INFO - 云端模型返回长度: 513
2026-05-30 13:27:15,269 - grade_stream - INFO - 清理后的内容长度: 513
2026-05-30 13:27:15,270 - grade_stream - ERROR - ❌ JSON解析失败: Expecting value: line 1 column 1 (char 0)
Traceback (most recent call last):
  File "E:\CodeCompanion\backend\app\api\endpoints.py", line 713, in generate
    score_data = json_lib.loads(result_text)
                 ^^^^^^^^^^^^^^^^^^^^^^^^^^^
  File "C:\Users\14391\AppData\Local\Programs\Python\Python311\Lib\json\__init__.py", line 346, in loads
    return _default_decoder.decode(s)
           ^^^^^^^^^^^^^^^^^^^^^^^^^^
  File "C:\Users\14391\AppData\Local\Programs\Python\Python311\Lib\json\decoder.py", line 337, in decode
    obj, end = self.raw_decode(s, idx=_w(s, 0).end())
               ^^^^^^^^^^^^^^^^^^^^^^^^^^^^^^^^^^^^^^
  File "C:\Users\14391\AppData\Local\Programs\Python\Python311\Lib\json\decoder.py", line 355, in raw_decode
    raise JSONDecodeError("Expecting value", s, err.value) from None
json.decoder.JSONDecodeError: Expecting value: line 1 column 1 (char 0)
2026-05-30 13:27:15,272 - grade_stream - ERROR - ❌ 原始返回内容: 代码整体评价：你的代码尝试实现了题目要求的功能，但存在一些细节问题。

存在问题：在函数`find_max`中，变量`max_num`被初始化为0，这会导致如果列表中所有元素都是负数时，函数会返回0而不是真正的最大值。此外，循环的起始范围应该是从0开始，而不是1。

改进建议：为了确保函数能够正确地找出列表中的最大值，你需要将`max_num`初始化为列表的第一个元素，并且将循环的起始范围修改为0。以下是改进后的代码示例：

```python
def find_max(numbers):
    if not numbers:  # 检查列表是否为空
        return None
    max_num = numbers[0]
    for i in range(len(numbers)):
        if numbers[i] > max_num:
            max_num = numbers[i]
    return max_num
```

这样修改后，函数就能正确处理各种情况，包括空列表和所有元素为负数的情况。希望这些建议能帮助你更好地理解
2026-05-30 13:27:15,274 - grade_stream - INFO - 已发送错误结果（基础分10分）
2026-05-30 13:36:47,497 - grade_stream - INFO - 开始批改: question_id=编写一个函数，在不使用内置函数的情况下，找出列表中的最大值。, code_length=161, language=python
2026-05-30 13:36:47,498 - grade_stream - INFO - 未命中缓存，开始诊断
2026-05-30 13:36:47,504 - grade_stream - INFO - 诊断结果: 检测到 1 个语法错误; 识别到薄弱知识点: 变量初始化
2026-05-30 13:37:03,264 - grade_stream - INFO - 使用模型: 云端模型
2026-05-30 13:37:16,269 - grade_stream - INFO - 云端模型返回长度: 488
2026-05-30 13:37:16,270 - grade_stream - INFO - 清理后的内容长度: 488
2026-05-30 13:37:16,270 - grade_stream - ERROR - ❌ JSON解析失败: Expecting value: line 1 column 1 (char 0)
Traceback (most recent call last):
  File "E:\CodeCompanion\backend\app\api\endpoints.py", line 733, in generate
    score_data = json_lib.loads(result_text)
                 ^^^^^^^^^^^^^^^^^^^^^^^^^^^
  File "C:\Users\14391\AppData\Local\Programs\Python\Python311\Lib\json\__init__.py", line 346, in loads
    return _default_decoder.decode(s)
           ^^^^^^^^^^^^^^^^^^^^^^^^^^
  File "C:\Users\14391\AppData\Local\Programs\Python\Python311\Lib\json\decoder.py", line 337, in decode
    obj, end = self.raw_decode(s, idx=_w(s, 0).end())
               ^^^^^^^^^^^^^^^^^^^^^^^^^^^^^^^^^^^^^^
  File "C:\Users\14391\AppData\Local\Programs\Python\Python311\Lib\json\decoder.py", line 355, in raw_decode
    raise JSONDecodeError("Expecting value", s, err.value) from None
json.decoder.JSONDecodeError: Expecting value: line 1 column 1 (char 0)
2026-05-30 13:37:16,274 - grade_stream - ERROR - ❌ 原始返回内容: 代码整体评价：你的代码尝试实现了题目要求的功能，但存在一些细节问题。

存在问题：在函数`find_max`中，变量`max_num`被初始化为0，这会导致如果列表中的所有元素都是负数时，函数会返回0而不是列表中的最大值。此外，循环的起始条件应该是从列表的第一个元素开始比较，而不是从第二个元素。

改进建议：你可以将`max_num`初始化为列表的第一个元素，这样无论列表中的元素是正数还是负数，都能正确找到最大值。以下是改进后的代码示例：

```python
def find_max(numbers):
    if not numbers:  # 检查列表是否为空
        return None
    max_num = numbers[0]
    for i in range(1, len(numbers)):
        if numbers[i] > max_num:
            max_num = numbers[i]
    return max_num
```

这样修改后，函数就能正确处理各种情况了。继续保持，加油！
2026-05-30 13:37:16,276 - grade_stream - INFO - 已发送错误结果（基础分10分）
2026-05-30 13:40:17,720 - grade_stream - INFO - 开始批改: question_id=编写一个函数，在不使用内置函数的情况下，找出列表中的最大值。, code_length=161, language=python
2026-05-30 13:40:17,721 - grade_stream - INFO - 未命中缓存，开始诊断
2026-05-30 13:40:17,726 - grade_stream - INFO - 诊断结果: 检测到 1 个语法错误; 识别到薄弱知识点: 变量初始化
2026-05-30 13:40:38,462 - grade_stream - INFO - 使用模型: 云端模型
2026-05-30 13:40:58,894 - grade_stream - INFO - 云端模型返回长度: 850
2026-05-30 13:40:58,894 - grade_stream - INFO - 清理后的内容长度: 850
2026-05-30 13:40:58,894 - grade_stream - INFO - 评分JSON解析成功: overall_score=75, deductions_count=3
2026-05-30 13:40:58,895 - grade_stream - INFO - 成绩验证: total_deducted=15, calculated_score=85
2026-05-30 13:40:58,895 - grade_stream - INFO - 最终成绩: overall_score=75
2026-05-30 13:40:58,897 - grade_stream - INFO - 开始流式输出评语...
2026-05-30 13:40:58,911 - grade_stream - INFO - 评语输出完成，长度: 120
2026-05-30 13:40:58,911 - grade_stream - INFO - 批改完成，结果已发送
2026-05-30 13:40:58,912 - grade_stream - INFO - 已发送[DONE]信号，批改流程正常结束
2026-05-30 13:55:21,490 - grade_stream - INFO - 开始批改: question_id=编写一个函数，在不使用内置函数的情况下，找出列表中的最大值。, code_length=161, language=python
2026-05-30 13:55:21,492 - grade_stream - INFO - 未命中缓存，开始诊断
2026-05-30 13:55:21,497 - grade_stream - INFO - 诊断结果: 检测到 1 个语法错误; 识别到薄弱知识点: 变量初始化
2026-05-30 13:55:40,084 - grade_stream - INFO - 使用模型: 云端模型
2026-05-30 13:56:01,009 - grade_stream - INFO - 云端模型返回长度: 874
2026-05-30 13:56:01,010 - grade_stream - INFO - 清理后的内容长度: 862
2026-05-30 13:56:01,010 - grade_stream - INFO - 评分JSON解析成功: overall_score=65, deductions_count=3
2026-05-30 13:56:01,010 - grade_stream - INFO - 成绩验证: total_deducted=20, calculated_score=80
2026-05-30 13:56:01,012 - grade_stream - INFO - 最终成绩: overall_score=65
2026-05-30 13:56:01,012 - grade_stream - INFO - 开始流式输出评语...
2026-05-30 13:56:01,025 - grade_stream - INFO - 评语输出完成，长度: 117
2026-05-30 13:56:01,026 - grade_stream - INFO - 批改完成，结果已发送
2026-05-30 13:56:01,027 - grade_stream - INFO - 已发送[DONE]信号，批改流程正常结束
2026-05-30 15:35:13,017 - grade_stream - INFO - 开始批改: question_id=编写一个函数，在不使用内置函数的情况下，找出列表中的最大值。, code_length=387, language=python
2026-05-30 15:35:13,018 - grade_stream - INFO - 未命中缓存，开始诊断
2026-05-30 15:35:13,019 - grade_stream - INFO - 诊断结果: 代码语法正确，未发现明显问题
2026-05-30 15:35:34,484 - grade_stream - INFO - 使用模型: 云端模型
2026-05-30 15:36:06,654 - grade_stream - INFO - 云端模型返回长度: 1507
2026-05-30 15:36:06,654 - grade_stream - INFO - 清理后的内容长度: 1495
2026-05-30 15:36:06,656 - grade_stream - INFO - 评分JSON解析成功: overall_score=50, deductions_count=5
2026-05-30 15:36:06,657 - grade_stream - INFO - 成绩验证: total_deducted=100, calculated_score=0
2026-05-30 15:36:06,657 - grade_stream - INFO - 最终成绩: overall_score=50
2026-05-30 15:36:06,658 - grade_stream - INFO - 开始流式输出评语...
2026-05-30 15:36:06,694 - grade_stream - INFO - 评语输出完成，长度: 87
2026-05-30 15:36:06,695 - grade_stream - INFO - 批改完成，结果已发送
2026-05-30 15:36:06,697 - grade_stream - INFO - 已发送[DONE]信号，批改流程正常结束
2026-05-30 15:36:30,515 - grade_stream - INFO - 开始批改: question_id=编写一个函数，在不使用内置函数的情况下，找出列表中的最大值。, code_length=294, language=python
2026-05-30 15:36:30,515 - grade_stream - INFO - 未命中缓存，开始诊断
2026-05-30 15:36:30,516 - grade_stream - INFO - 诊断结果: 代码语法正确，未发现明显问题
2026-05-30 15:36:44,528 - grade_stream - INFO - 使用模型: 云端模型
2026-05-30 15:36:51,915 - grade_stream - INFO - 云端模型返回长度: 215
2026-05-30 15:36:51,916 - grade_stream - INFO - 清理后的内容长度: 203
2026-05-30 15:36:51,916 - grade_stream - INFO - 评分JSON解析成功: overall_score=100, deductions_count=0
2026-05-30 15:36:51,917 - grade_stream - INFO - 成绩验证: total_deducted=0, calculated_score=100
2026-05-30 15:36:51,917 - grade_stream - INFO - 最终成绩: overall_score=100
2026-05-30 15:36:51,917 - grade_stream - INFO - 开始流式输出评语...
2026-05-30 15:36:51,943 - grade_stream - INFO - 评语输出完成，长度: 134
2026-05-30 15:36:51,945 - grade_stream - INFO - 批改完成，结果已发送
2026-05-30 15:36:51,946 - grade_stream - INFO - 已发送[DONE]信号，批改流程正常结束
2026-05-30 15:43:05,751 - grade_stream - INFO - 开始批改: question_id=编写一个函数，在不使用内置函数的情况下，找出列表中的最大值。, code_length=387, language=python
2026-05-30 15:43:05,752 - grade_stream - INFO - ✅ 命中缓存: cache_key=grade:c59cab1f58d3b68f29e33b131ec3ca6c:eb331222648ed5862d1319bea5013ce1:9d5b2dfe29eec537af6bb8dde998b91f
2026-05-30 15:43:26,730 - grade_stream - INFO - 开始批改: question_id=编写一个函数，在不使用内置函数的情况下，找出列表中的最大值。, code_length=387, language=python
2026-05-30 15:43:26,730 - grade_stream - INFO - ✅ 命中缓存: cache_key=grade:c59cab1f58d3b68f29e33b131ec3ca6c:eb331222648ed5862d1319bea5013ce1:9d5b2dfe29eec537af6bb8dde998b91f
2026-05-30 16:20:22,499 - grade_stream - INFO - 开始批改: question_id=编写一个函数，在不使用内置函数的情况下，找出列表中的最大值。, code_length=465, language=python
2026-05-30 16:20:22,500 - grade_stream - INFO - 未命中缓存，开始诊断
2026-05-30 16:20:22,506 - grade_stream - INFO - 诊断结果: 代码语法正确，未发现明显问题
2026-05-30 16:20:39,281 - grade_stream - INFO - 使用模型: 云端模型
2026-05-30 16:21:11,782 - grade_stream - INFO - 云端模型返回长度: 1133
2026-05-30 16:21:11,782 - grade_stream - INFO - 清理后的内容长度: 1121
2026-05-30 16:21:11,783 - grade_stream - INFO - 评分JSON解析成功: overall_score=100, deductions_count=3
2026-05-30 16:21:11,784 - grade_stream - INFO - 成绩验证: total_deducted=0, calculated_score=100
2026-05-30 16:21:11,784 - grade_stream - INFO - 最终成绩: overall_score=100
2026-05-30 16:21:11,784 - grade_stream - INFO - 开始流式输出评语...
2026-05-30 16:21:11,819 - grade_stream - INFO - 评语输出完成，长度: 243
2026-05-30 16:21:11,820 - grade_stream - INFO - 批改完成，结果已发送
2026-05-30 16:21:11,822 - grade_stream - INFO - 已发送[DONE]信号，批改流程正常结束
2026-05-30 16:28:08,185 - grade_stream - INFO - 开始批改: question_id=编写一个函数，在不使用内置函数的情况下，找出列表中的最大值。, code_length=465, language=python
2026-05-30 16:28:08,187 - grade_stream - INFO - 未命中缓存，开始诊断
2026-05-30 16:28:08,188 - grade_stream - INFO - 诊断结果: 代码语法正确，未发现明显问题
2026-05-30 16:28:26,783 - grade_stream - INFO - 使用模型: 云端模型
2026-05-30 16:28:46,418 - grade_stream - INFO - 云端模型返回长度: 676
2026-05-30 16:28:46,419 - grade_stream - INFO - 清理后的内容长度: 664
2026-05-30 16:28:46,420 - grade_stream - INFO - 评分JSON解析成功: overall_score=85, deductions_count=2
2026-05-30 16:28:46,421 - grade_stream - INFO - 成绩验证: total_deducted=35, calculated_score=65
2026-05-30 16:28:46,421 - grade_stream - INFO - 最终成绩: overall_score=85
2026-05-30 16:28:46,421 - grade_stream - INFO - 开始流式输出评语...
2026-05-30 16:28:46,435 - grade_stream - INFO - 评语输出完成，长度: 131
2026-05-30 16:28:46,435 - grade_stream - INFO - 批改完成，结果已发送
2026-05-30 16:28:46,437 - grade_stream - INFO - 已发送[DONE]信号，批改流程正常结束
